# JRE version: Java(TM) SE Runtime Environment (8.0_74-b02) (build 1.8.0_74-b02)
# Java VM: Java HotSpot(TM) 64-Bit Server VM (25.74-b02 mixed mode windows-amd64 compressed oops)
Heap:
 PSYoungGen      total 460800K, used 6762K [0x00000000d5d80000, 0x0000000100000000, 0x0000000100000000)
  eden space 230912K, 0% used [0x00000000d5d80000,0x00000000d5d80000,0x00000000e3f00000)
  from space 229888K, 2% used [0x00000000e3f00000,0x00000000e459ab70,0x00000000f1f80000)
  to   space 229888K, 0% used [0x00000000f1f80000,0x00000000f1f80000,0x0000000100000000)
 ParOldGen       total 617984K, used 296103K [0x0000000081800000, 0x00000000a7380000, 0x00000000d5d80000)
  object space 617984K, 47% used [0x0000000081800000,0x0000000093929e48,0x00000000a7380000)
 Metaspace       used 44183K, capacity 46160K, committed 46256K, reserved 1089536K
  class space    used 5431K, capacity 5769K, committed 5808K, reserved 1048576K
GC Heap History (10 events):
Event: 598.008 GC heap after
Heap after GC invocations=33 (full 7):
 PSYoungGen      total 445952K, used 151391K [0x00000000d5d80000, 0x0000000100000000, 0x0000000100000000)
  eden space 225792K, 0% used [0x00000000d5d80000,0x00000000d5d80000,0x00000000e3a00000)
  from space 220160K, 68% used [0x00000000f1a80000,0x00000000fae57e88,0x00000000ff180000)
  to   space 229888K, 0% used [0x00000000e3a00000,0x00000000e3a00000,0x00000000f1a80000)
 ParOldGen       total 645120K, used 430247K [0x0000000081800000, 0x00000000a8e00000, 0x00000000d5d80000)
  object space 645120K, 66% used [0x0000000081800000,0x000000009bc29f38,0x00000000a8e00000)
 Metaspace       used 28163K, capacity 30068K, committed 30256K, reserved 1075200K
  class space    used 3779K, capacity 4123K, committed 4144K, reserved 1048576K
}
Event: 606.064 GC heap before
{Heap before GC invocations=34 (full 7):
 PSYoungGen      total 445952K, used 377183K [0x00000000d5d80000, 0x0000000100000000, 0x0000000100000000)
  eden space 225792K, 100% used [0x00000000d5d80000,0x00000000e3a00000,0x00000000e3a00000)
  from space 220160K, 68% used [0x00000000f1a80000,0x00000000fae57e88,0x00000000ff180000)
  to   space 229888K, 0% used [0x00000000e3a00000,0x00000000e3a00000,0x00000000f1a80000)
 ParOldGen       total 645120K, used 430247K [0x0000000081800000, 0x00000000a8e00000, 0x00000000d5d80000)
  object space 645120K, 66% used [0x0000000081800000,0x000000009bc29f38,0x00000000a8e00000)
 Metaspace       used 28177K, capacity 30068K, committed 30256K, reserved 1075200K
  class space    used 3779K, capacity 4123K, committed 4144K, reserved 1048576K
Event: 606.477 GC heap after
Heap after GC invocations=34 (full 7):
 PSYoungGen      total 455680K, used 163023K [0x00000000d5d80000, 0x0000000100000000, 0x0000000100000000)
  eden space 225792K, 0% used [0x00000000d5d80000,0x00000000d5d80000,0x00000000e3a00000)
  from space 229888K, 70% used [0x00000000e3a00000,0x00000000ed933dc0,0x00000000f1a80000)
  to   space 229888K, 0% used [0x00000000f1f80000,0x00000000f1f80000,0x0000000100000000)
 ParOldGen       total 645120K, used 471531K [0x0000000081800000, 0x00000000a8e00000, 0x00000000d5d80000)
  object space 645120K, 73% used [0x0000000081800000,0x000000009e47af48,0x00000000a8e00000)
 Metaspace       used 28177K, capacity 30068K, committed 30256K, reserved 1075200K
  class space    used 3779K, capacity 4123K, committed 4144K, reserved 1048576K
}
Event: 643.853 GC heap before
{Heap before GC invocations=35 (full 7):
 PSYoungGen      total 455680K, used 332778K [0x00000000d5d80000, 0x0000000100000000, 0x0000000100000000)
  eden space 225792K, 75% used [0x00000000d5d80000,0x00000000e0346bd8,0x00000000e3a00000)
  from space 229888K, 70% used [0x00000000e3a00000,0x00000000ed933dc0,0x00000000f1a80000)
  to   space 229888K, 0% used [0x00000000f1f80000,0x00000000f1f80000,0x0000000100000000)
 ParOldGen       total 645120K, used 471531K [0x0000000081800000, 0x00000000a8e00000, 0x00000000d5d80000)
  object space 645120K, 73% used [0x0000000081800000,0x000000009e47af48,0x00000000a8e00000)
 Metaspace       used 42209K, capacity 44082K, committed 44208K, reserved 1087488K
  class space    used 5374K, capacity 5700K, committed 5808K, reserved 1048576K
Event: 644.330 GC heap after
Heap after GC invocations=35 (full 7):
 PSYoungGen      total 460800K, used 51253K [0x00000000d5d80000, 0x0000000100000000, 0x0000000100000000)
  eden space 230912K, 0% used [0x00000000d5d80000,0x00000000d5d80000,0x00000000e3f00000)
  from space 229888K, 22% used [0x00000000f1f80000,0x00000000f518d420,0x0000000100000000)
  to   space 229888K, 0% used [0x00000000e3f00000,0x00000000e3f00000,0x00000000f1f80000)
 ParOldGen       total 645120K, used 632027K [0x0000000081800000, 0x00000000a8e00000, 0x00000000d5d80000)
  object space 645120K, 97% used [0x0000000081800000,0x00000000a8136d68,0x00000000a8e00000)
 Metaspace       used 42209K, capacity 44082K, committed 44208K, reserved 1087488K
  class space    used 5374K, capacity 5700K, committed 5808K, reserved 1048576K
}
Event: 644.330 GC heap before
{Heap before GC invocations=36 (full 8):
 PSYoungGen      total 460800K, used 51253K [0x00000000d5d80000, 0x0000000100000000, 0x0000000100000000)
  eden space 230912K, 0% used [0x00000000d5d80000,0x00000000d5d80000,0x00000000e3f00000)
  from space 229888K, 22% used [0x00000000f1f80000,0x00000000f518d420,0x0000000100000000)
  to   space 229888K, 0% used [0x00000000e3f00000,0x00000000e3f00000,0x00000000f1f80000)
 ParOldGen       total 645120K, used 632027K [0x0000000081800000, 0x00000000a8e00000, 0x00000000d5d80000)
  object space 645120K, 97% used [0x0000000081800000,0x00000000a8136d68,0x00000000a8e00000)
 Metaspace       used 42209K, capacity 44082K, committed 44208K, reserved 1087488K
  class space    used 5374K, capacity 5700K, committed 5808K, reserved 1048576K
Event: 646.052 GC heap after
Heap after GC invocations=36 (full 8):
 PSYoungGen      total 460800K, used 0K [0x00000000d5d80000, 0x0000000100000000, 0x0000000100000000)
  eden space 230912K, 0% used [0x00000000d5d80000,0x00000000d5d80000,0x00000000e3f00000)
  from space 229888K, 0% used [0x00000000f1f80000,0x00000000f1f80000,0x0000000100000000)
  to   space 229888K, 0% used [0x00000000e3f00000,0x00000000e3f00000,0x00000000f1f80000)
 ParOldGen       total 617984K, used 296095K [0x0000000081800000, 0x00000000a7380000, 0x00000000d5d80000)
  object space 617984K, 47% used [0x0000000081800000,0x0000000093927e48,0x00000000a7380000)
 Metaspace       used 42209K, capacity 44082K, committed 44208K, reserved 1087488K
  class space    used 5374K, capacity 5700K, committed 5808K, reserved 1048576K
}
Event: 775.467 GC heap before
{Heap before GC invocations=37 (full 8):
 PSYoungGen      total 460800K, used 49637K [0x00000000d5d80000, 0x0000000100000000, 0x0000000100000000)
  eden space 230912K, 21% used [0x00000000d5d80000,0x00000000d8df9708,0x00000000e3f00000)
  from space 229888K, 0% used [0x00000000f1f80000,0x00000000f1f80000,0x0000000100000000)
  to   space 229888K, 0% used [0x00000000e3f00000,0x00000000e3f00000,0x00000000f1f80000)
 ParOldGen       total 617984K, used 296095K [0x0000000081800000, 0x00000000a7380000, 0x00000000d5d80000)
  object space 617984K, 47% used [0x0000000081800000,0x0000000093927e48,0x00000000a7380000)
 Metaspace       used 44183K, capacity 46160K, committed 46256K, reserved 1089536K
  class space    used 5431K, capacity 5769K, committed 5808K, reserved 1048576K
Event: 775.484 GC heap after
Heap after GC invocations=37 (full 8):
 PSYoungGen      total 460800K, used 6762K [0x00000000d5d80000, 0x0000000100000000, 0x0000000100000000)
  eden space 230912K, 0% used [0x00000000d5d80000,0x00000000d5d80000,0x00000000e3f00000)
  from space 229888K, 2% used [0x00000000e3f00000,0x00000000e459ab70,0x00000000f1f80000)
  to   space 229888K, 0% used [0x00000000f1f80000,0x00000000f1f80000,0x0000000100000000)
 ParOldGen       total 617984K, used 296103K [0x0000000081800000, 0x00000000a7380000, 0x00000000d5d80000)
  object space 617984K, 47% used [0x0000000081800000,0x0000000093929e48,0x00000000a7380000)
 Metaspace       used 44183K, capacity 46160K, committed 46256K, reserved 1089536K
  class space    used 5431K, capacity 5769K, committed 5808K, reserved 1048576K
}
Event: 775.484 GC heap before
{Heap before GC invocations=38 (full 9):
 PSYoungGen      total 460800K, used 6762K [0x00000000d5d80000, 0x0000000100000000, 0x0000000100000000)
  eden space 230912K, 0% used [0x00000000d5d80000,0x00000000d5d80000,0x00000000e3f00000)
  from space 229888K, 2% used [0x00000000e3f00000,0x00000000e459ab70,0x00000000f1f80000)
  to   space 229888K, 0% used [0x00000000f1f80000,0x00000000f1f80000,0x0000000100000000)
 ParOldGen       total 617984K, used 296103K [0x0000000081800000, 0x00000000a7380000, 0x00000000d5d80000)
  object space 617984K, 47% used [0x0000000081800000,0x0000000093929e48,0x00000000a7380000)
 Metaspace       used 44183K, capacity 46160K, committed 46256K, reserved 1089536K
  class space    used 5431K, capacity 5769K, committed 5808K, reserved 1048576K

