# JRE version: Java(TM) SE Runtime Environment (8.0_74-b02) (build 1.8.0_74-b02)
# Java VM: Java HotSpot(TM) 64-Bit Server VM (25.74-b02 mixed mode windows-amd64 compressed oops)
Heap:
 PSYoungGen      total 865280K, used 592762K [0x0000000755580000, 0x000000079ed00000, 0x00000007c0000000)
  eden space 743936K, 64% used [0x0000000755580000,0x0000000772b9c9f0,0x0000000782c00000)
  from space 121344K, 91% used [0x0000000782c00000,0x00000007898c2198,0x000000078a280000)
  to   space 129024K, 0% used [0x0000000796f00000,0x0000000796f00000,0x000000079ed00000)
 ParOldGen       total 699392K, used 227565K [0x0000000680000000, 0x00000006aab00000, 0x0000000755580000)
  object space 699392K, 32% used [0x0000000680000000,0x000000068de3b4b0,0x00000006aab00000)
 Metaspace       used 28578K, capacity 30641K, committed 30976K, reserved 1075200K
  class space    used 3897K, capacity 4269K, committed 4352K, reserved 1048576K
GC Heap History (10 events):
Event: 193.888 GC heap before
{Heap before GC invocations=6 (full 1):
 PSYoungGen      total 395776K, used 395750K [0x0000000755580000, 0x0000000771f80000, 0x00000007c0000000)
  eden space 352256K, 100% used [0x0000000755580000,0x000000076ad80000,0x000000076ad80000)
  from space 43520K, 99% used [0x000000076d800000,0x0000000770279ad0,0x0000000770280000)
  to   space 43520K, 0% used [0x000000076ad80000,0x000000076ad80000,0x000000076d800000)
 ParOldGen       total 699392K, used 169975K [0x0000000680000000, 0x00000006aab00000, 0x0000000755580000)
  object space 699392K, 24% used [0x0000000680000000,0x000000068a5fdc50,0x00000006aab00000)
 Metaspace       used 24930K, capacity 26854K, committed 27136K, reserved 1073152K
  class space    used 3459K, capacity 3782K, committed 3840K, reserved 1048576K
Event: 193.996 GC heap after
Heap after GC invocations=6 (full 1):
 PSYoungGen      total 395776K, used 43515K [0x0000000755580000, 0x0000000786480000, 0x00000007c0000000)
  eden space 352256K, 0% used [0x0000000755580000,0x0000000755580000,0x000000076ad80000)
  from space 43520K, 99% used [0x000000076ad80000,0x000000076d7fec50,0x000000076d800000)
  to   space 138752K, 0% used [0x000000077dd00000,0x000000077dd00000,0x0000000786480000)
 ParOldGen       total 699392K, used 227557K [0x0000000680000000, 0x00000006aab00000, 0x0000000755580000)
  object space 699392K, 32% used [0x0000000680000000,0x000000068de394b0,0x00000006aab00000)
 Metaspace       used 24930K, capacity 26854K, committed 27136K, reserved 1073152K
  class space    used 3459K, capacity 3782K, committed 3840K, reserved 1048576K
}
Event: 199.561 GC heap before
{Heap before GC invocations=7 (full 1):
 PSYoungGen      total 395776K, used 395771K [0x0000000755580000, 0x0000000786480000, 0x00000007c0000000)
  eden space 352256K, 100% used [0x0000000755580000,0x000000076ad80000,0x000000076ad80000)
  from space 43520K, 99% used [0x000000076ad80000,0x000000076d7fec50,0x000000076d800000)
  to   space 138752K, 0% used [0x000000077dd00000,0x000000077dd00000,0x0000000786480000)
 ParOldGen       total 699392K, used 227557K [0x0000000680000000, 0x00000006aab00000, 0x0000000755580000)
  object space 699392K, 32% used [0x0000000680000000,0x000000068de394b0,0x00000006aab00000)
 Metaspace       used 25165K, capacity 27110K, committed 27392K, reserved 1073152K
  class space    used 3474K, capacity 3782K, committed 3840K, reserved 1048576K
Event: 199.660 GC heap after
Heap after GC invocations=7 (full 1):
 PSYoungGen      total 622080K, used 76712K [0x0000000755580000, 0x0000000784800000, 0x00000007c0000000)
  eden space 512512K, 0% used [0x0000000755580000,0x0000000755580000,0x0000000774a00000)
  from space 109568K, 70% used [0x000000077dd00000,0x00000007827ea1c0,0x0000000784800000)
  to   space 130048K, 0% used [0x0000000774a00000,0x0000000774a00000,0x000000077c900000)
 ParOldGen       total 699392K, used 227557K [0x0000000680000000, 0x00000006aab00000, 0x0000000755580000)
  object space 699392K, 32% used [0x0000000680000000,0x000000068de394b0,0x00000006aab00000)
 Metaspace       used 25165K, capacity 27110K, committed 27392K, reserved 1073152K
  class space    used 3474K, capacity 3782K, committed 3840K, reserved 1048576K
}
Event: 203.260 GC heap before
{Heap before GC invocations=8 (full 1):
 PSYoungGen      total 622080K, used 589224K [0x0000000755580000, 0x0000000784800000, 0x00000007c0000000)
  eden space 512512K, 100% used [0x0000000755580000,0x0000000774a00000,0x0000000774a00000)
  from space 109568K, 70% used [0x000000077dd00000,0x00000007827ea1c0,0x0000000784800000)
  to   space 130048K, 0% used [0x0000000774a00000,0x0000000774a00000,0x000000077c900000)
 ParOldGen       total 699392K, used 227557K [0x0000000680000000, 0x00000006aab00000, 0x0000000755580000)
  object space 699392K, 32% used [0x0000000680000000,0x000000068de394b0,0x00000006aab00000)
 Metaspace       used 26802K, capacity 28827K, committed 29184K, reserved 1075200K
  class space    used 3641K, capacity 3990K, committed 4096K, reserved 1048576K
Event: 203.358 GC heap after
Heap after GC invocations=8 (full 1):
 PSYoungGen      total 642560K, used 79823K [0x0000000755580000, 0x0000000791b00000, 0x00000007c0000000)
  eden space 512512K, 0% used [0x0000000755580000,0x0000000755580000,0x0000000774a00000)
  from space 130048K, 61% used [0x0000000774a00000,0x00000007797f3ef8,0x000000077c900000)
  to   space 123392K, 0% used [0x000000078a280000,0x000000078a280000,0x0000000791b00000)
 ParOldGen       total 699392K, used 227557K [0x0000000680000000, 0x00000006aab00000, 0x0000000755580000)
  object space 699392K, 32% used [0x0000000680000000,0x000000068de394b0,0x00000006aab00000)
 Metaspace       used 26802K, capacity 28827K, committed 29184K, reserved 1075200K
  class space    used 3641K, capacity 3990K, committed 4096K, reserved 1048576K
}
Event: 205.664 GC heap before
{Heap before GC invocations=9 (full 1):
 PSYoungGen      total 642560K, used 592335K [0x0000000755580000, 0x0000000791b00000, 0x00000007c0000000)
  eden space 512512K, 100% used [0x0000000755580000,0x0000000774a00000,0x0000000774a00000)
  from space 130048K, 61% used [0x0000000774a00000,0x00000007797f3ef8,0x000000077c900000)
  to   space 123392K, 0% used [0x000000078a280000,0x000000078a280000,0x0000000791b00000)
 ParOldGen       total 699392K, used 227557K [0x0000000680000000, 0x00000006aab00000, 0x0000000755580000)
  object space 699392K, 32% used [0x0000000680000000,0x000000068de394b0,0x00000006aab00000)
 Metaspace       used 27244K, capacity 29281K, committed 29440K, reserved 1075200K
  class space    used 3760K, capacity 4093K, committed 4096K, reserved 1048576K
Event: 205.834 GC heap after
Heap after GC invocations=9 (full 1):
 PSYoungGen      total 867328K, used 86721K [0x0000000755580000, 0x0000000793a80000, 0x00000007c0000000)
  eden space 743936K, 0% used [0x0000000755580000,0x0000000755580000,0x0000000782c00000)
  from space 123392K, 70% used [0x000000078a280000,0x000000078f730568,0x0000000791b00000)
  to   space 121344K, 0% used [0x0000000782c00000,0x0000000782c00000,0x000000078a280000)
 ParOldGen       total 699392K, used 227557K [0x0000000680000000, 0x00000006aab00000, 0x0000000755580000)
  object space 699392K, 32% used [0x0000000680000000,0x000000068de394b0,0x00000006aab00000)
 Metaspace       used 27244K, capacity 29281K, committed 29440K, reserved 1075200K
  class space    used 3760K, capacity 4093K, committed 4096K, reserved 1048576K
}
Event: 356.455 GC heap before
{Heap before GC invocations=10 (full 1):
 PSYoungGen      total 867328K, used 830657K [0x0000000755580000, 0x0000000793a80000, 0x00000007c0000000)
  eden space 743936K, 100% used [0x0000000755580000,0x0000000782c00000,0x0000000782c00000)
  from space 123392K, 70% used [0x000000078a280000,0x000000078f730568,0x0000000791b00000)
  to   space 121344K, 0% used [0x0000000782c00000,0x0000000782c00000,0x000000078a280000)
 ParOldGen       total 699392K, used 227557K [0x0000000680000000, 0x00000006aab00000, 0x0000000755580000)
  object space 699392K, 32% used [0x0000000680000000,0x000000068de394b0,0x00000006aab00000)
 Metaspace       used 28469K, capacity 30565K, committed 30720K, reserved 1075200K
  class space    used 3896K, capacity 4267K, committed 4352K, reserved 1048576K
Event: 356.752 GC heap after
Heap after GC invocations=10 (full 1):
 PSYoungGen      total 865280K, used 111368K [0x0000000755580000, 0x000000079ed00000, 0x00000007c0000000)
  eden space 743936K, 0% used [0x0000000755580000,0x0000000755580000,0x0000000782c00000)
  from space 121344K, 91% used [0x0000000782c00000,0x00000007898c2198,0x000000078a280000)
  to   space 129024K, 0% used [0x0000000796f00000,0x0000000796f00000,0x000000079ed00000)
 ParOldGen       total 699392K, used 227565K [0x0000000680000000, 0x00000006aab00000, 0x0000000755580000)
  object space 699392K, 32% used [0x0000000680000000,0x000000068de3b4b0,0x00000006aab00000)
 Metaspace       used 28469K, capacity 30565K, committed 30720K, reserved 1075200K
  class space    used 3896K, capacity 4267K, committed 4352K, reserved 1048576K
}

