# JRE version: Java(TM) SE Runtime Environment (8.0_74-b02) (build 1.8.0_74-b02)
# Java VM: Java HotSpot(TM) 64-Bit Server VM (25.74-b02 mixed mode windows-amd64 compressed oops)
Heap:
 PSYoungGen      total 305664K, used 14216K [0x0000000755580000, 0x000000076aa80000, 0x00000007c0000000)
  eden space 262144K, 5% used [0x0000000755580000,0x0000000756362210,0x0000000765580000)
  from space 43520K, 0% used [0x0000000765580000,0x0000000765580000,0x0000000768000000)
  to   space 43520K, 0% used [0x0000000768000000,0x0000000768000000,0x000000076aa80000)
 ParOldGen       total 699392K, used 8748K [0x0000000680000000, 0x00000006aab00000, 0x0000000755580000)
  object space 699392K, 1% used [0x0000000680000000,0x000000068088b100,0x00000006aab00000)
 Metaspace       used 20303K, capacity 21590K, committed 21632K, reserved 1067008K
  class space    used 2938K, capacity 3178K, committed 3200K, reserved 1048576K
GC Heap History (4 events):
Event: 16.240 GC heap before
{Heap before GC invocations=1 (full 0):
 PSYoungGen      total 305664K, used 136316K [0x0000000755580000, 0x000000076aa80000, 0x00000007c0000000)
  eden space 262144K, 52% used [0x0000000755580000,0x000000075da9f240,0x0000000765580000)
  from space 43520K, 0% used [0x0000000768000000,0x0000000768000000,0x000000076aa80000)
  to   space 43520K, 0% used [0x0000000765580000,0x0000000765580000,0x0000000768000000)
 ParOldGen       total 699392K, used 0K [0x0000000680000000, 0x00000006aab00000, 0x0000000755580000)
  object space 699392K, 0% used [0x0000000680000000,0x0000000680000000,0x00000006aab00000)
 Metaspace       used 20134K, capacity 21202K, committed 21296K, reserved 1067008K
  class space    used 2898K, capacity 3106K, committed 3200K, reserved 1048576K
Event: 16.278 GC heap after
Heap after GC invocations=1 (full 0):
 PSYoungGen      total 305664K, used 8739K [0x0000000755580000, 0x000000076aa80000, 0x00000007c0000000)
  eden space 262144K, 0% used [0x0000000755580000,0x0000000755580000,0x0000000765580000)
  from space 43520K, 20% used [0x0000000765580000,0x0000000765e08ff0,0x0000000768000000)
  to   space 43520K, 0% used [0x0000000768000000,0x0000000768000000,0x000000076aa80000)
 ParOldGen       total 699392K, used 88K [0x0000000680000000, 0x00000006aab00000, 0x0000000755580000)
  object space 699392K, 0% used [0x0000000680000000,0x0000000680016010,0x00000006aab00000)
 Metaspace       used 20134K, capacity 21202K, committed 21296K, reserved 1067008K
  class space    used 2898K, capacity 3106K, committed 3200K, reserved 1048576K
}
Event: 16.278 GC heap before
{Heap before GC invocations=2 (full 1):
 PSYoungGen      total 305664K, used 8739K [0x0000000755580000, 0x000000076aa80000, 0x00000007c0000000)
  eden space 262144K, 0% used [0x0000000755580000,0x0000000755580000,0x0000000765580000)
  from space 43520K, 20% used [0x0000000765580000,0x0000000765e08ff0,0x0000000768000000)
  to   space 43520K, 0% used [0x0000000768000000,0x0000000768000000,0x000000076aa80000)
 ParOldGen       total 699392K, used 88K [0x0000000680000000, 0x00000006aab00000, 0x0000000755580000)
  object space 699392K, 0% used [0x0000000680000000,0x0000000680016010,0x00000006aab00000)
 Metaspace       used 20134K, capacity 21202K, committed 21296K, reserved 1067008K
  class space    used 2898K, capacity 3106K, committed 3200K, reserved 1048576K
Event: 16.382 GC heap after
Heap after GC invocations=2 (full 1):
 PSYoungGen      total 305664K, used 0K [0x0000000755580000, 0x000000076aa80000, 0x00000007c0000000)
  eden space 262144K, 0% used [0x0000000755580000,0x0000000755580000,0x0000000765580000)
  from space 43520K, 0% used [0x0000000765580000,0x0000000765580000,0x0000000768000000)
  to   space 43520K, 0% used [0x0000000768000000,0x0000000768000000,0x000000076aa80000)
 ParOldGen       total 699392K, used 8748K [0x0000000680000000, 0x00000006aab00000, 0x0000000755580000)
  object space 699392K, 1% used [0x0000000680000000,0x000000068088b100,0x00000006aab00000)
 Metaspace       used 20134K, capacity 21202K, committed 21296K, reserved 1067008K
  class space    used 2898K, capacity 3106K, committed 3200K, reserved 1048576K
}

