# JRE version: Java(TM) SE Runtime Environment (8.0_74-b02) (build 1.8.0_74-b02)
# Java VM: Java HotSpot(TM) 64-Bit Server VM (25.74-b02 mixed mode windows-amd64 compressed oops)
Heap:
 PSYoungGen      total 387072K, used 164906K [0x0000000755580000, 0x0000000778080000, 0x00000007c0000000)
  eden space 343552K, 41% used [0x0000000755580000,0x000000075dffab18,0x000000076a500000)
  from space 43520K, 53% used [0x0000000772b80000,0x0000000774210030,0x0000000775600000)
  to   space 43520K, 0% used [0x0000000775600000,0x0000000775600000,0x0000000778080000)
 ParOldGen       total 699392K, used 61070K [0x0000000680000000, 0x00000006aab00000, 0x0000000755580000)
  object space 699392K, 8% used [0x0000000680000000,0x0000000683ba39c8,0x00000006aab00000)
 Metaspace       used 26548K, capacity 28674K, committed 28928K, reserved 1075200K
  class space    used 3718K, capacity 4092K, committed 4096K, reserved 1048576K
GC Heap History (10 events):
Event: 19.344 GC heap before
{Heap before GC invocations=4 (full 1):
 PSYoungGen      total 349184K, used 51228K [0x0000000755580000, 0x000000077aa80000, 0x00000007c0000000)
  eden space 305664K, 2% used [0x0000000755580000,0x0000000755d083d8,0x0000000768000000)
  from space 43520K, 99% used [0x0000000778000000,0x000000077aa7f008,0x000000077aa80000)
  to   space 43520K, 0% used [0x0000000775580000,0x0000000775580000,0x0000000778000000)
 ParOldGen       total 699392K, used 93478K [0x0000000680000000, 0x00000006aab00000, 0x0000000755580000)
  object space 699392K, 13% used [0x0000000680000000,0x0000000685b49bc8,0x00000006aab00000)
 Metaspace       used 24014K, capacity 25900K, committed 26112K, reserved 1071104K
  class space    used 3379K, capacity 3717K, committed 3840K, reserved 1048576K
Event: 19.408 GC heap after
Heap after GC invocations=4 (full 1):
 PSYoungGen      total 349184K, used 43511K [0x0000000755580000, 0x0000000778080000, 0x00000007c0000000)
  eden space 305664K, 0% used [0x0000000755580000,0x0000000755580000,0x0000000768000000)
  from space 43520K, 99% used [0x0000000775580000,0x0000000777ffdc28,0x0000000778000000)
  to   space 512K, 0% used [0x0000000778000000,0x0000000778000000,0x0000000778080000)
 ParOldGen       total 699392K, used 95788K [0x0000000680000000, 0x00000006aab00000, 0x0000000755580000)
  object space 699392K, 13% used [0x0000000680000000,0x0000000685d8b288,0x00000006aab00000)
 Metaspace       used 24014K, capacity 25900K, committed 26112K, reserved 1071104K
  class space    used 3379K, capacity 3717K, committed 3840K, reserved 1048576K
}
Event: 19.408 GC heap before
{Heap before GC invocations=5 (full 2):
 PSYoungGen      total 349184K, used 43511K [0x0000000755580000, 0x0000000778080000, 0x00000007c0000000)
  eden space 305664K, 0% used [0x0000000755580000,0x0000000755580000,0x0000000768000000)
  from space 43520K, 99% used [0x0000000775580000,0x0000000777ffdc28,0x0000000778000000)
  to   space 512K, 0% used [0x0000000778000000,0x0000000778000000,0x0000000778080000)
 ParOldGen       total 699392K, used 95788K [0x0000000680000000, 0x00000006aab00000, 0x0000000755580000)
  object space 699392K, 13% used [0x0000000680000000,0x0000000685d8b288,0x00000006aab00000)
 Metaspace       used 24014K, capacity 25900K, committed 26112K, reserved 1071104K
  class space    used 3379K, capacity 3717K, committed 3840K, reserved 1048576K
Event: 19.917 GC heap after
Heap after GC invocations=5 (full 2):
 PSYoungGen      total 349184K, used 0K [0x0000000755580000, 0x0000000778080000, 0x00000007c0000000)
  eden space 305664K, 0% used [0x0000000755580000,0x0000000755580000,0x0000000768000000)
  from space 43520K, 0% used [0x0000000775580000,0x0000000775580000,0x0000000778000000)
  to   space 512K, 0% used [0x0000000778000000,0x0000000778000000,0x0000000778080000)
 ParOldGen       total 699392K, used 55993K [0x0000000680000000, 0x00000006aab00000, 0x0000000755580000)
  object space 699392K, 8% used [0x0000000680000000,0x00000006836ae7e8,0x00000006aab00000)
 Metaspace       used 24014K, capacity 25900K, committed 26112K, reserved 1071104K
  class space    used 3379K, capacity 3717K, committed 3840K, reserved 1048576K
}
Event: 25.746 GC heap before
{Heap before GC invocations=6 (full 2):
 PSYoungGen      total 349184K, used 207075K [0x0000000755580000, 0x0000000778080000, 0x00000007c0000000)
  eden space 305664K, 67% used [0x0000000755580000,0x0000000761fb8d58,0x0000000768000000)
  from space 43520K, 0% used [0x0000000775580000,0x0000000775580000,0x0000000778000000)
  to   space 512K, 0% used [0x0000000778000000,0x0000000778000000,0x0000000778080000)
 ParOldGen       total 699392K, used 55993K [0x0000000680000000, 0x00000006aab00000, 0x0000000755580000)
  object space 699392K, 8% used [0x0000000680000000,0x00000006836ae7e8,0x00000006aab00000)
 Metaspace       used 24564K, capacity 26532K, committed 26624K, reserved 1073152K
  class space    used 3453K, capacity 3801K, committed 3840K, reserved 1048576K
Event: 25.772 GC heap after
Heap after GC invocations=6 (full 2):
 PSYoungGen      total 306176K, used 512K [0x0000000755580000, 0x0000000778080000, 0x00000007c0000000)
  eden space 305664K, 0% used [0x0000000755580000,0x0000000755580000,0x0000000768000000)
  from space 512K, 100% used [0x0000000778000000,0x0000000778080000,0x0000000778080000)
  to   space 43520K, 0% used [0x0000000772b80000,0x0000000772b80000,0x0000000775600000)
 ParOldGen       total 699392K, used 81270K [0x0000000680000000, 0x00000006aab00000, 0x0000000755580000)
  object space 699392K, 11% used [0x0000000680000000,0x0000000684f5dbe0,0x00000006aab00000)
 Metaspace       used 24564K, capacity 26532K, committed 26624K, reserved 1073152K
  class space    used 3453K, capacity 3801K, committed 3840K, reserved 1048576K
}
Event: 25.772 GC heap before
{Heap before GC invocations=7 (full 3):
 PSYoungGen      total 306176K, used 512K [0x0000000755580000, 0x0000000778080000, 0x00000007c0000000)
  eden space 305664K, 0% used [0x0000000755580000,0x0000000755580000,0x0000000768000000)
  from space 512K, 100% used [0x0000000778000000,0x0000000778080000,0x0000000778080000)
  to   space 43520K, 0% used [0x0000000772b80000,0x0000000772b80000,0x0000000775600000)
 ParOldGen       total 699392K, used 81270K [0x0000000680000000, 0x00000006aab00000, 0x0000000755580000)
  object space 699392K, 11% used [0x0000000680000000,0x0000000684f5dbe0,0x00000006aab00000)
 Metaspace       used 24564K, capacity 26532K, committed 26624K, reserved 1073152K
  class space    used 3453K, capacity 3801K, committed 3840K, reserved 1048576K
Event: 26.079 GC heap after
Heap after GC invocations=7 (full 3):
 PSYoungGen      total 306176K, used 0K [0x0000000755580000, 0x0000000778080000, 0x00000007c0000000)
  eden space 305664K, 0% used [0x0000000755580000,0x0000000755580000,0x0000000768000000)
  from space 512K, 0% used [0x0000000778000000,0x0000000778000000,0x0000000778080000)
  to   space 43520K, 0% used [0x0000000772b80000,0x0000000772b80000,0x0000000775600000)
 ParOldGen       total 699392K, used 61062K [0x0000000680000000, 0x00000006aab00000, 0x0000000755580000)
  object space 699392K, 8% used [0x0000000680000000,0x0000000683ba19c8,0x00000006aab00000)
 Metaspace       used 24564K, capacity 26532K, committed 26624K, reserved 1073152K
  class space    used 3453K, capacity 3801K, committed 3840K, reserved 1048576K
}
Event: 77.160 GC heap before
{Heap before GC invocations=8 (full 3):
 PSYoungGen      total 306176K, used 305664K [0x0000000755580000, 0x0000000778080000, 0x00000007c0000000)
  eden space 305664K, 100% used [0x0000000755580000,0x0000000768000000,0x0000000768000000)
  from space 512K, 0% used [0x0000000778000000,0x0000000778000000,0x0000000778080000)
  to   space 43520K, 0% used [0x0000000772b80000,0x0000000772b80000,0x0000000775600000)
 ParOldGen       total 699392K, used 61062K [0x0000000680000000, 0x00000006aab00000, 0x0000000755580000)
  object space 699392K, 8% used [0x0000000680000000,0x0000000683ba19c8,0x00000006aab00000)
 Metaspace       used 26338K, capacity 28296K, committed 28416K, reserved 1073152K
  class space    used 3703K, capacity 4047K, committed 4096K, reserved 1048576K
Event: 77.213 GC heap after
Heap after GC invocations=8 (full 3):
 PSYoungGen      total 387072K, used 23104K [0x0000000755580000, 0x0000000778080000, 0x00000007c0000000)
  eden space 343552K, 0% used [0x0000000755580000,0x0000000755580000,0x000000076a500000)
  from space 43520K, 53% used [0x0000000772b80000,0x0000000774210030,0x0000000775600000)
  to   space 43520K, 0% used [0x0000000775600000,0x0000000775600000,0x0000000778080000)
 ParOldGen       total 699392K, used 61070K [0x0000000680000000, 0x00000006aab00000, 0x0000000755580000)
  object space 699392K, 8% used [0x0000000680000000,0x0000000683ba39c8,0x00000006aab00000)
 Metaspace       used 26338K, capacity 28296K, committed 28416K, reserved 1073152K
  class space    used 3703K, capacity 4047K, committed 4096K, reserved 1048576K
}

